Release 14.7 - xst P.20131013 (nt64)
Copyright (c) 1995-2013 Xilinx, Inc.  All rights reserved.
--> Parameter TMPDIR set to xst/projnav.tmp


Total REAL time to Xst completion: 1.00 secs
Total CPU time to Xst completion: 0.44 secs
 
--> Parameter xsthdpdir set to xst


Total REAL time to Xst completion: 1.00 secs
Total CPU time to Xst completion: 0.45 secs
 
--> Reading design: Top.prj

TABLE OF CONTENTS
  1) Synthesis Options Summary
  2) HDL Compilation
  3) Design Hierarchy Analysis
  4) HDL Analysis
  5) HDL Synthesis
     5.1) HDL Synthesis Report
  6) Advanced HDL Synthesis
     6.1) Advanced HDL Synthesis Report
  7) Low Level Synthesis
  8) Partition Report
  9) Final Report
	9.1) Device utilization summary
	9.2) Partition Resource Summary
	9.3) TIMING REPORT


=========================================================================
*                      Synthesis Options Summary                        *
=========================================================================
---- Source Parameters
Input File Name                    : "Top.prj"
Input Format                       : mixed
Ignore Synthesis Constraint File   : NO

---- Target Parameters
Output File Name                   : "Top"
Output Format                      : NGC
Target Device                      : xc3s500e-4-fg320

---- Source Options
Top Module Name                    : Top
Automatic FSM Extraction           : YES
FSM Encoding Algorithm             : Auto
Safe Implementation                : No
FSM Style                          : LUT
RAM Extraction                     : Yes
RAM Style                          : Auto
ROM Extraction                     : Yes
Mux Style                          : Auto
Decoder Extraction                 : YES
Priority Encoder Extraction        : Yes
Shift Register Extraction          : YES
Logical Shifter Extraction         : YES
XOR Collapsing                     : YES
ROM Style                          : Auto
Mux Extraction                     : Yes
Resource Sharing                   : YES
Asynchronous To Synchronous        : NO
Multiplier Style                   : Auto
Automatic Register Balancing       : No

---- Target Options
Add IO Buffers                     : YES
Global Maximum Fanout              : 500
Add Generic Clock Buffer(BUFG)     : 24
Register Duplication               : YES
Slice Packing                      : YES
Optimize Instantiated Primitives   : NO
Use Clock Enable                   : Yes
Use Synchronous Set                : Yes
Use Synchronous Reset              : Yes
Pack IO Registers into IOBs        : Auto
Equivalent register Removal        : YES

---- General Options
Optimization Goal                  : Speed
Optimization Effort                : 1
Keep Hierarchy                     : No
Netlist Hierarchy                  : As_Optimized
RTL Output                         : Yes
Global Optimization                : AllClockNets
Read Cores                         : YES
Write Timing Constraints           : NO
Cross Clock Analysis               : NO
Hierarchy Separator                : /
Bus Delimiter                      : <>
Case Specifier                     : Maintain
Slice Utilization Ratio            : 100
BRAM Utilization Ratio             : 100
Verilog 2001                       : YES
Auto BRAM Packing                  : NO
Slice Utilization Ratio Delta      : 5

=========================================================================


=========================================================================
*                          HDL Compilation                              *
=========================================================================
Compiling verilog file "Mux4_1.v" in library work
Compiling verilog file "Chiatanso2hz.v" in library work
Module <Mux4_1> compiled
Compiling verilog file "Chiatanso1hz.v" in library work
Module <Chiatanso2hz> compiled
Compiling verilog file "machdich.v" in library work
Module <Chiatanso1hz> compiled
Compiling verilog file "CK4mode.v" in library work
Module <machdich> compiled
Compiling verilog file "Top.v" in library work
Module <CK4mode> compiled
Module <Top> compiled
No errors in compilation
Analysis of file <"Top.prj"> succeeded.
 

=========================================================================
*                     Design Hierarchy Analysis                         *
=========================================================================
Analyzing hierarchy for module <Top> in library <work>.

Analyzing hierarchy for module <machdich> in library <work>.

Analyzing hierarchy for module <CK4mode> in library <work>.

Analyzing hierarchy for module <Chiatanso1hz> in library <work> with parameters.
	M = "00000010111110101111000010000000"
	N = "00000000000000000000000000011010"

Analyzing hierarchy for module <Chiatanso2hz> in library <work> with parameters.
	M = "00000000101111101011110000100000"
	N = "00000000000000000000000000011010"

Analyzing hierarchy for module <Mux4_1> in library <work>.


=========================================================================
*                            HDL Analysis                               *
=========================================================================
Analyzing top module <Top>.
Module <Top> is correct for synthesis.
 
Analyzing module <machdich> in library <work>.
Module <machdich> is correct for synthesis.
 
Analyzing module <CK4mode> in library <work>.
Module <CK4mode> is correct for synthesis.
 
Analyzing module <Chiatanso1hz> in library <work>.
	M = 32'sb00000010111110101111000010000000
	N = 32'sb00000000000000000000000000011010
Module <Chiatanso1hz> is correct for synthesis.
 
Analyzing module <Chiatanso2hz> in library <work>.
	M = 32'sb00000000101111101011110000100000
	N = 32'sb00000000000000000000000000011010
Module <Chiatanso2hz> is correct for synthesis.
 
Analyzing module <Mux4_1> in library <work>.
Module <Mux4_1> is correct for synthesis.
 

=========================================================================
*                           HDL Synthesis                               *
=========================================================================

Performing bidirectional port resolution...
INFO:Xst:2679 - Register <a> in unit <machdich> has a constant value of 0 during circuit operation. The register is replaced by logic.
INFO:Xst:2679 - Register <b> in unit <machdich> has a constant value of 0 during circuit operation. The register is replaced by logic.

Synthesizing Unit <machdich>.
    Related source file is "machdich.v".
WARNING:Xst:646 - Signal <i> is assigned but never used. This unconnected signal will be trimmed during the optimization process.
WARNING:Xst:646 - Signal <b> is assigned but never used. This unconnected signal will be trimmed during the optimization process.
WARNING:Xst:646 - Signal <a> is assigned but never used. This unconnected signal will be trimmed during the optimization process.
    Found 8-bit register for signal <led>.
    Found 8-bit adder for signal <$add0000> created at line 90.
    Found 3-bit adder for signal <$add0001> created at line 149.
    Found 3-bit adder for signal <$add0002> created at line 150.
    Found 8-bit subtractor for signal <$sub0000> created at line 70.
    Found 2-bit comparator not equal for signal <led_7$cmp_ne0000> created at line 52.
    Found 1-bit register for signal <s>.
    Found 1-bit 4-to-1 multiplexer for signal <s$mux0000>.
    Found 1-bit register for signal <t>.
    Found 1-bit 4-to-1 multiplexer for signal <t$mux0000>.
    Found 2-bit register for signal <TT_led>.
    Summary:
	inferred  12 D-type flip-flop(s).
	inferred   4 Adder/Subtractor(s).
	inferred   1 Comparator(s).
	inferred   2 Multiplexer(s).
Unit <machdich> synthesized.


Synthesizing Unit <Chiatanso1hz>.
    Related source file is "Chiatanso1hz.v".
    Found 26-bit comparator less for signal <q$cmp_lt0000> created at line 38.
    Found 26-bit adder for signal <r_next$addsub0000> created at line 36.
    Found 26-bit register for signal <r_reg>.
    Summary:
	inferred  26 D-type flip-flop(s).
	inferred   1 Adder/Subtractor(s).
	inferred   1 Comparator(s).
Unit <Chiatanso1hz> synthesized.


Synthesizing Unit <Chiatanso2hz>.
    Related source file is "Chiatanso2hz.v".
    Found 26-bit comparator less for signal <q$cmp_lt0000> created at line 38.
    Found 26-bit adder for signal <r_next$addsub0000> created at line 36.
    Found 26-bit register for signal <r_reg>.
    Summary:
	inferred  26 D-type flip-flop(s).
	inferred   1 Adder/Subtractor(s).
	inferred   1 Comparator(s).
Unit <Chiatanso2hz> synthesized.


Synthesizing Unit <Mux4_1>.
    Related source file is "Mux4_1.v".
    Found 1-bit register for signal <Y>.
    Summary:
	inferred   1 D-type flip-flop(s).
Unit <Mux4_1> synthesized.


Synthesizing Unit <CK4mode>.
    Related source file is "CK4mode.v".
Unit <CK4mode> synthesized.


Synthesizing Unit <Top>.
    Related source file is "Top.v".
Unit <Top> synthesized.


=========================================================================
HDL Synthesis Report

Macro Statistics
# Adders/Subtractors                                   : 6
 26-bit adder                                          : 2
 3-bit adder                                           : 2
 8-bit adder                                           : 1
 8-bit subtractor                                      : 1
# Registers                                            : 14
 1-bit register                                        : 11
 2-bit register                                        : 1
 26-bit register                                       : 2
# Comparators                                          : 3
 2-bit comparator not equal                            : 1
 26-bit comparator less                                : 2
# Multiplexers                                         : 2
 1-bit 4-to-1 multiplexer                              : 2

=========================================================================

=========================================================================
*                       Advanced HDL Synthesis                          *
=========================================================================


=========================================================================
Advanced HDL Synthesis Report

Macro Statistics
# Adders/Subtractors                                   : 6
 26-bit adder                                          : 2
 3-bit adder                                           : 2
 8-bit adder                                           : 1
 8-bit subtractor                                      : 1
# Registers                                            : 65
 Flip-Flops                                            : 65
# Comparators                                          : 3
 2-bit comparator not equal                            : 1
 26-bit comparator less                                : 2
# Multiplexers                                         : 2
 1-bit 4-to-1 multiplexer                              : 2

=========================================================================

=========================================================================
*                         Low Level Synthesis                           *
=========================================================================

Optimizing unit <Top> ...

Optimizing unit <machdich> ...

Optimizing unit <Chiatanso1hz> ...

Optimizing unit <Chiatanso2hz> ...

Mapping all equations...
Building and optimizing final netlist ...
Found area constraint ratio of 100 (+ 5) on block Top, actual ratio is 2.

Final Macro Processing ...

=========================================================================
Final Register Report

Macro Statistics
# Registers                                            : 65
 Flip-Flops                                            : 65

=========================================================================

=========================================================================
*                           Partition Report                            *
=========================================================================

Partition Implementation Status
-------------------------------

  No Partitions were found in this design.

-------------------------------

=========================================================================
*                            Final Report                               *
=========================================================================
Final Results
RTL Top Level Output File Name     : Top.ngr
Top Level Output File Name         : Top
Output Format                      : NGC
Optimization Goal                  : Speed
Keep Hierarchy                     : No

Design Statistics
# IOs                              : 14

Cell Usage :
# BELS                             : 375
#      GND                         : 1
#      INV                         : 11
#      LUT1                        : 58
#      LUT2                        : 64
#      LUT2_D                      : 3
#      LUT2_L                      : 3
#      LUT3                        : 14
#      LUT3_D                      : 1
#      LUT3_L                      : 4
#      LUT4                        : 55
#      LUT4_D                      : 8
#      LUT4_L                      : 14
#      MUXCY                       : 86
#      VCC                         : 1
#      XORCY                       : 52
# FlipFlops/Latches                : 65
#      FD                          : 1
#      FDC                         : 52
#      FDCE                        : 10
#      FDE                         : 2
# Clock Buffers                    : 1
#      BUFGP                       : 1
# IO Buffers                       : 13
#      IBUF                        : 5
#      OBUF                        : 8
=========================================================================

Device utilization summary:
---------------------------

Selected Device : 3s500efg320-4 

 Number of Slices:                      124  out of   4656     2%  
 Number of Slice Flip Flops:             65  out of   9312     0%  
 Number of 4 input LUTs:                235  out of   9312     2%  
 Number of IOs:                          14
 Number of bonded IOBs:                  14  out of    232     6%  
 Number of GCLKs:                         1  out of     24     4%  

---------------------------
Partition Resource Summary:
---------------------------

  No Partitions were found in this design.

---------------------------


=========================================================================
TIMING REPORT

NOTE: THESE TIMING NUMBERS ARE ONLY A SYNTHESIS ESTIMATE.
      FOR ACCURATE TIMING INFORMATION PLEASE REFER TO THE TRACE REPORT
      GENERATED AFTER PLACE-and-ROUTE.

Clock Information:
------------------
-----------------------------------+------------------------+-------+
Clock Signal                       | Clock buffer(FF name)  | Load  |
-----------------------------------+------------------------+-------+
clk                                | BUFGP                  | 53    |
chiatanso/mux/Y                    | NONE(dich1bit/t)       | 12    |
-----------------------------------+------------------------+-------+
INFO:Xst:2169 - HDL ADVISOR - Some clock signals were not automatically buffered by XST with BUFG/BUFR resources. Please use the buffer_type constraint in order to insert these buffers to the clock signals to help prevent skew problems.

Asynchronous Control Signals Information:
----------------------------------------
-----------------------------------+------------------------+-------+
Control Signal                     | Buffer(FF name)        | Load  |
-----------------------------------+------------------------+-------+
reset                              | IBUF                   | 62    |
-----------------------------------+------------------------+-------+

Timing Summary:
---------------
Speed Grade: -4

   Minimum period: 6.667ns (Maximum Frequency: 149.992MHz)
   Minimum input arrival time before clock: 8.190ns
   Maximum output required time after clock: 4.948ns
   Maximum combinational path delay: No path found

Timing Detail:
--------------
All values displayed in nanoseconds (ns)

=========================================================================
Timing constraint: Default period analysis for Clock 'clk'
  Clock period: 6.053ns (frequency: 165.207MHz)
  Total number of paths / destination ports: 2096 / 53
-------------------------------------------------------------------------
Delay:               6.053ns (Levels of Logic = 27)
  Source:            chiatanso/mode1/r_reg_1 (FF)
  Destination:       chiatanso/mode1/r_reg_25 (FF)
  Source Clock:      clk rising
  Destination Clock: clk rising

  Data Path: chiatanso/mode1/r_reg_1 to chiatanso/mode1/r_reg_25
                                Gate     Net
    Cell:in->out      fanout   Delay   Delay  Logical Name (Net Name)
    ----------------------------------------  ------------
     FDC:C->Q              2   0.591   0.622  chiatanso/mode1/r_reg_1 (chiatanso/mode1/r_reg_1)
     LUT1:I0->O            1   0.704   0.000  chiatanso/mode1/Madd_r_next_addsub0000_cy<1>_rt (chiatanso/mode1/Madd_r_next_addsub0000_cy<1>_rt)
     MUXCY:S->O            1   0.464   0.000  chiatanso/mode1/Madd_r_next_addsub0000_cy<1> (chiatanso/mode1/Madd_r_next_addsub0000_cy<1>)
     MUXCY:CI->O           1   0.059   0.000  chiatanso/mode1/Madd_r_next_addsub0000_cy<2> (chiatanso/mode1/Madd_r_next_addsub0000_cy<2>)
     MUXCY:CI->O           1   0.059   0.000  chiatanso/mode1/Madd_r_next_addsub0000_cy<3> (chiatanso/mode1/Madd_r_next_addsub0000_cy<3>)
     MUXCY:CI->O           1   0.059   0.000  chiatanso/mode1/Madd_r_next_addsub0000_cy<4> (chiatanso/mode1/Madd_r_next_addsub0000_cy<4>)
     MUXCY:CI->O           1   0.059   0.000  chiatanso/mode1/Madd_r_next_addsub0000_cy<5> (chiatanso/mode1/Madd_r_next_addsub0000_cy<5>)
     MUXCY:CI->O           1   0.059   0.000  chiatanso/mode1/Madd_r_next_addsub0000_cy<6> (chiatanso/mode1/Madd_r_next_addsub0000_cy<6>)
     MUXCY:CI->O           1   0.059   0.000  chiatanso/mode1/Madd_r_next_addsub0000_cy<7> (chiatanso/mode1/Madd_r_next_addsub0000_cy<7>)
     MUXCY:CI->O           1   0.059   0.000  chiatanso/mode1/Madd_r_next_addsub0000_cy<8> (chiatanso/mode1/Madd_r_next_addsub0000_cy<8>)
     MUXCY:CI->O           1   0.059   0.000  chiatanso/mode1/Madd_r_next_addsub0000_cy<9> (chiatanso/mode1/Madd_r_next_addsub0000_cy<9>)
     MUXCY:CI->O           1   0.059   0.000  chiatanso/mode1/Madd_r_next_addsub0000_cy<10> (chiatanso/mode1/Madd_r_next_addsub0000_cy<10>)
     MUXCY:CI->O           1   0.059   0.000  chiatanso/mode1/Madd_r_next_addsub0000_cy<11> (chiatanso/mode1/Madd_r_next_addsub0000_cy<11>)
     MUXCY:CI->O           1   0.059   0.000  chiatanso/mode1/Madd_r_next_addsub0000_cy<12> (chiatanso/mode1/Madd_r_next_addsub0000_cy<12>)
     MUXCY:CI->O           1   0.059   0.000  chiatanso/mode1/Madd_r_next_addsub0000_cy<13> (chiatanso/mode1/Madd_r_next_addsub0000_cy<13>)
     MUXCY:CI->O           1   0.059   0.000  chiatanso/mode1/Madd_r_next_addsub0000_cy<14> (chiatanso/mode1/Madd_r_next_addsub0000_cy<14>)
     MUXCY:CI->O           1   0.059   0.000  chiatanso/mode1/Madd_r_next_addsub0000_cy<15> (chiatanso/mode1/Madd_r_next_addsub0000_cy<15>)
     MUXCY:CI->O           1   0.059   0.000  chiatanso/mode1/Madd_r_next_addsub0000_cy<16> (chiatanso/mode1/Madd_r_next_addsub0000_cy<16>)
     MUXCY:CI->O           1   0.059   0.000  chiatanso/mode1/Madd_r_next_addsub0000_cy<17> (chiatanso/mode1/Madd_r_next_addsub0000_cy<17>)
     MUXCY:CI->O           1   0.059   0.000  chiatanso/mode1/Madd_r_next_addsub0000_cy<18> (chiatanso/mode1/Madd_r_next_addsub0000_cy<18>)
     MUXCY:CI->O           1   0.059   0.000  chiatanso/mode1/Madd_r_next_addsub0000_cy<19> (chiatanso/mode1/Madd_r_next_addsub0000_cy<19>)
     MUXCY:CI->O           1   0.059   0.000  chiatanso/mode1/Madd_r_next_addsub0000_cy<20> (chiatanso/mode1/Madd_r_next_addsub0000_cy<20>)
     MUXCY:CI->O           1   0.059   0.000  chiatanso/mode1/Madd_r_next_addsub0000_cy<21> (chiatanso/mode1/Madd_r_next_addsub0000_cy<21>)
     MUXCY:CI->O           1   0.059   0.000  chiatanso/mode1/Madd_r_next_addsub0000_cy<22> (chiatanso/mode1/Madd_r_next_addsub0000_cy<22>)
     MUXCY:CI->O           1   0.059   0.000  chiatanso/mode1/Madd_r_next_addsub0000_cy<23> (chiatanso/mode1/Madd_r_next_addsub0000_cy<23>)
     MUXCY:CI->O           0   0.059   0.000  chiatanso/mode1/Madd_r_next_addsub0000_cy<24> (chiatanso/mode1/Madd_r_next_addsub0000_cy<24>)
     XORCY:CI->O           1   0.804   0.499  chiatanso/mode1/Madd_r_next_addsub0000_xor<25> (chiatanso/mode1/r_next_addsub0000<25>)
     LUT2:I1->O            1   0.704   0.000  chiatanso/mode1/r_next<25>1 (chiatanso/mode1/r_next<25>)
     FDC:D                     0.308          chiatanso/mode1/r_reg_25
    ----------------------------------------
    Total                      6.053ns (4.932ns logic, 1.121ns route)
                                       (81.5% logic, 18.5% route)

=========================================================================
Timing constraint: Default period analysis for Clock 'chiatanso/mux/Y'
  Clock period: 6.667ns (frequency: 149.992MHz)
  Total number of paths / destination ports: 314 / 12
-------------------------------------------------------------------------
Delay:               6.667ns (Levels of Logic = 5)
  Source:            dich1bit/led_0 (FF)
  Destination:       dich1bit/led_6 (FF)
  Source Clock:      chiatanso/mux/Y rising
  Destination Clock: chiatanso/mux/Y rising

  Data Path: dich1bit/led_0 to dich1bit/led_6
                                Gate     Net
    Cell:in->out      fanout   Delay   Delay  Logical Name (Net Name)
    ----------------------------------------  ------------
     FDCE:C->Q            15   0.591   1.192  dich1bit/led_0 (dich1bit/led_0)
     LUT3:I0->O            1   0.704   0.424  dich1bit/led_6_mux000083_SW0 (N34)
     LUT4_L:I3->LO         1   0.704   0.104  dich1bit/led_6_mux000083 (dich1bit/led_6_mux000083)
     LUT4:I3->O            1   0.704   0.424  dich1bit/led_6_mux000088 (dich1bit/led_6_mux000088)
     LUT4_L:I3->LO         1   0.704   0.104  dich1bit/led_6_mux0000131_SW0 (N12)
     LUT4:I3->O            1   0.704   0.000  dich1bit/led_6_mux0000138 (dich1bit/led_6_mux0000)
     FDCE:D                    0.308          dich1bit/led_6
    ----------------------------------------
    Total                      6.667ns (4.419ns logic, 2.248ns route)
                                       (66.3% logic, 33.7% route)

=========================================================================
Timing constraint: Default OFFSET IN BEFORE for Clock 'clk'
  Total number of paths / destination ports: 1 / 1
-------------------------------------------------------------------------
Offset:              2.825ns (Levels of Logic = 2)
  Source:            S (PAD)
  Destination:       chiatanso/mux/Y (FF)
  Destination Clock: clk rising

  Data Path: S to chiatanso/mux/Y
                                Gate     Net
    Cell:in->out      fanout   Delay   Delay  Logical Name (Net Name)
    ----------------------------------------  ------------
     IBUF:I->O             1   1.218   0.595  S_IBUF (S_IBUF)
     LUT3:I0->O            1   0.704   0.000  chiatanso/mux/Y_mux00001 (chiatanso/mux/Y_mux0000)
     FD:D                      0.308          chiatanso/mux/Y
    ----------------------------------------
    Total                      2.825ns (2.230ns logic, 0.595ns route)
                                       (78.9% logic, 21.1% route)

=========================================================================
Timing constraint: Default OFFSET IN BEFORE for Clock 'chiatanso/mux/Y'
  Total number of paths / destination ports: 94 / 24
-------------------------------------------------------------------------
Offset:              8.190ns (Levels of Logic = 6)
  Source:            mode<0> (PAD)
  Destination:       dich1bit/led_4 (FF)
  Destination Clock: chiatanso/mux/Y rising

  Data Path: mode<0> to dich1bit/led_4
                                Gate     Net
    Cell:in->out      fanout   Delay   Delay  Logical Name (Net Name)
    ----------------------------------------  ------------
     IBUF:I->O            13   1.218   1.158  mode_0_IBUF (mode_0_IBUF)
     LUT2:I0->O            2   0.704   0.622  dich1bit/Mmux_s_mux00001_SW0 (N4)
     LUT4_D:I0->O          8   0.704   0.836  dich1bit/led_6_mux000041 (dich1bit/N21)
     LUT2:I1->O            1   0.704   0.424  dich1bit/led_4_mux000083_SW0 (N32)
     LUT4_L:I3->LO         1   0.704   0.104  dich1bit/led_4_mux000088 (dich1bit/led_4_mux000088)
     LUT4:I3->O            1   0.704   0.000  dich1bit/led_4_mux0000117 (dich1bit/led_4_mux0000)
     FDCE:D                    0.308          dich1bit/led_4
    ----------------------------------------
    Total                      8.190ns (5.046ns logic, 3.144ns route)
                                       (61.6% logic, 38.4% route)

=========================================================================
Timing constraint: Default OFFSET OUT AFTER for Clock 'chiatanso/mux/Y'
  Total number of paths / destination ports: 8 / 8
-------------------------------------------------------------------------
Offset:              4.948ns (Levels of Logic = 1)
  Source:            dich1bit/led_4 (FF)
  Destination:       led<4> (PAD)
  Source Clock:      chiatanso/mux/Y rising

  Data Path: dich1bit/led_4 to led<4>
                                Gate     Net
    Cell:in->out      fanout   Delay   Delay  Logical Name (Net Name)
    ----------------------------------------  ------------
     FDCE:C->Q            19   0.591   1.085  dich1bit/led_4 (dich1bit/led_4)
     OBUF:I->O                 3.272          led_4_OBUF (led<4>)
    ----------------------------------------
    Total                      4.948ns (3.863ns logic, 1.085ns route)
                                       (78.1% logic, 21.9% route)

=========================================================================


Total REAL time to Xst completion: 11.00 secs
Total CPU time to Xst completion: 11.14 secs
 
--> 

Total memory usage is 4514084 kilobytes

Number of errors   :    0 (   0 filtered)
Number of warnings :    3 (   0 filtered)
Number of infos    :    3 (   0 filtered)

